<?xml version="1.0" encoding="UTF-8"?>
<!-- Generated by org.testng.reporters.JUnitXMLReporter -->
<testsuite ignored="0" hostname="DESKTOP" failures="1" tests="3" name="BasicTests" time="0.048" errors="0" timestamp="2020-07-25T18:29:36 EDT">
  <testcase classname="TestPackage.BasicsTestNG" name="demo" time="0.007">
    <failure type="java.lang.AssertionError" message="expected [false] but found [true]">
      <![CDATA[java.lang.AssertionError: expected [false] but found [true]
at TestPackage.BasicsTestNG.demo(BasicsTestNG.java:18)
at java.base/java.util.ArrayList.forEach(ArrayList.java:1510)
... Removed 31 stack frames]]>
    </failure>
  </testcase> <!-- demo -->
  <testcase classname="TestPackage.BasicsTestNG" name="demo2" time="0.002"/>
  <testcase classname="TestPackage.BasicsTestNG2" name="test2" time="0.001"/>
</testsuite> <!-- BasicTests -->
