<?xml version="1.0" encoding="UTF-8"?>
<!-- Generated by org.testng.reporters.JUnitXMLReporter -->
<testsuite ignored="1" hostname="DESKTOP" failures="0" tests="4" name="Car Loan" time="0.02" errors="0" timestamp="2020-07-25T18:29:36 EDT">
  <testcase classname="TestPackage.Basics3" name="MobileLoginCarLoan" time="0.001"/>
  <testcase classname="TestPackage.Basics3" name="MobileLoginCarLoan2" time="0.001"/>
  <testcase classname="TestPackage.Basics3" name="loginApi" time="0.002"/>
  <testcase classname="TestPackage.Basics3" name="webloginCarLoan" time="0.002"/>
  <testcase classname="TestPackage.Basics3" name="MobileLoginCarLoan3" time="0.0">
    <ignored/>
  </testcase> <!-- MobileLoginCarLoan3 -->
</testsuite> <!-- Car Loan -->
