<?xml version="1.0" encoding="UTF-8"?>
<!-- Generated by org.testng.reporters.JUnitXMLReporter -->
<testsuite ignored="9" hostname="DESKTOP" failures="0" tests="2" name="Regression" time="0.066" errors="0" timestamp="2020-07-25T18:28:38 EDT">
  <testcase classname="TestPackage.BasicsTestNG" name="demo2" time="0.012"/>
  <testcase classname="TestPackage.BasicsTestNG2" name="test2" time="0.004"/>
  <testcase classname="TestPackage.Basics4" name="MobileLoginHomeLoan" time="0.0">
    <ignored/>
  </testcase> <!-- MobileLoginHomeLoan -->
  <testcase classname="TestPackage.Basics3" name="loginApi" time="0.0">
    <ignored/>
  </testcase> <!-- loginApi -->
  <testcase classname="TestPackage.Basics3" name="MobileLoginCarLoan" time="0.0">
    <ignored/>
  </testcase> <!-- MobileLoginCarLoan -->
  <testcase classname="TestPackage.BasicsTestNG" name="demo" time="0.0">
    <ignored/>
  </testcase> <!-- demo -->
  <testcase classname="TestPackage.Basics4" name="loginApiHome" time="0.0">
    <ignored/>
  </testcase> <!-- loginApiHome -->
  <testcase classname="TestPackage.Basics3" name="MobileLoginCarLoan2" time="0.0">
    <ignored/>
  </testcase> <!-- MobileLoginCarLoan2 -->
  <testcase classname="TestPackage.Basics3" name="webloginCarLoan" time="0.0">
    <ignored/>
  </testcase> <!-- webloginCarLoan -->
  <testcase classname="TestPackage.Basics3" name="MobileLoginCarLoan3" time="0.0">
    <ignored/>
  </testcase> <!-- MobileLoginCarLoan3 -->
  <testcase classname="TestPackage.Basics4" name="webloginHomeLoan" time="0.0">
    <ignored/>
  </testcase> <!-- webloginHomeLoan -->
</testsuite> <!-- Regression -->
