<?xml version="1.0" encoding="UTF-8"?>
<!-- Generated by org.testng.reporters.JUnitXMLReporter -->
<testsuite ignored="0" hostname="DESKTOP" failures="0" tests="3" name="OrderPlacement" time="0.079" errors="0" timestamp="2020-07-24T23:21:33 EDT">
  <testcase classname="TestPackage.BasicsTestNG" name="demo" time="0.019"/>
  <testcase classname="TestPackage.BasicsTestNG" name="demo2" time="0.002"/>
  <testcase classname="TestPackage.BasicsTestNG2" name="test2" time="0.001"/>
</testsuite> <!-- OrderPlacement -->
